<?xml version="1.0" encoding="UTF-8"?>
<testng-results skipped="0" failed="0" total="1" passed="1">
  <reporter-output>
  </reporter-output>
  <suite name="Default suite" duration-ms="30218" started-at="2018-07-31T04:03:51Z" finished-at="2018-07-31T04:04:22Z">
    <groups>
    </groups>
    <test name="Default test" duration-ms="30218" started-at="2018-07-31T04:03:51Z" finished-at="2018-07-31T04:04:22Z">
      <class name="demo1.NewTest1">
        <test-method status="PASS" signature="beforeTest()[pri:0, instance:demo1.NewTest1@5419f379]" name="beforeTest" is-config="true" duration-ms="14620" started-at="2018-07-31T09:33:51Z" finished-at="2018-07-31T09:34:06Z">
          <reporter-output>
          </reporter-output>
        </test-method> <!-- beforeTest -->
        <test-method status="PASS" signature="test()[pri:0, instance:demo1.NewTest1@5419f379]" name="test" duration-ms="15598" started-at="2018-07-31T09:34:06Z" finished-at="2018-07-31T09:34:22Z">
          <reporter-output>
          </reporter-output>
        </test-method> <!-- test -->
        <test-method status="PASS" signature="afterTest()[pri:0, instance:demo1.NewTest1@5419f379]" name="afterTest" is-config="true" duration-ms="0" started-at="2018-07-31T09:34:22Z" finished-at="2018-07-31T09:34:22Z">
          <reporter-output>
          </reporter-output>
        </test-method> <!-- afterTest -->
      </class> <!-- demo1.NewTest1 -->
    </test> <!-- Default test -->
  </suite> <!-- Default suite -->
</testng-results>
